0 info it worked if it ends with ok
1 verbose cli [ 'F:\\Program Files\\nodejs\\node.exe',
1 verbose cli   'F:\\Program Files\\nodejs\\node_modules\\npm\\bin\\npm-cli.js',
1 verbose cli   'run',
1 verbose cli   'dev' ]
2 info using npm@3.3.12
3 info using node@v5.1.0
4 verbose run-script [ 'predev', 'dev', 'postdev' ]
5 info lifecycle leaflet-demo@1.0.0~predev: leaflet-demo@1.0.0
6 silly lifecycle leaflet-demo@1.0.0~predev: no script for predev, continuing
7 info lifecycle leaflet-demo@1.0.0~dev: leaflet-demo@1.0.0
8 verbose lifecycle leaflet-demo@1.0.0~dev: unsafe-perm in lifecycle true
9 verbose lifecycle leaflet-demo@1.0.0~dev: PATH: F:\Program Files\nodejs\node_modules\npm\bin\node-gyp-bin;F:\php\www\leaflet-demo\node_modules\.bin;C:\Users\Ruyi\bin;F:\Program Files\Git\mingw64\bin;F:\Program Files\Git\usr\local\bin;F:\Program Files\Git\usr\bin;F:\Program Files\Git\usr\bin;F:\Program Files\Git\mingw64\bin;F:\Program Files\Git\usr\bin;C:\Users\Ruyi\bin;C:\Program Files (x86)\Common Files\Intel\Shared Files\cpp\bin\Intel64;F:\Python27;F:\Python27\Scripts;C:\WINDOWS\system32;C:\WINDOWS;C:\WINDOWS\System32\Wbem;C:\WINDOWS\System32\WindowsPowerShell\v1.0;F:\Program Files\AMD\ATI.ACE\Core-Static;C:\Program Files (x86)\ATI Technologies\ATI.ACE\Core-Static;F:\Program Files\AMD3\ATI.ACE\Core-Static;E:\sqlite;F:\Program Files\MATLAB\R2013a\runtime\win64;F:\Program Files\MATLAB\R2013a\bin;F:\Program Files (x86)\Calibre2;F:\Program Files\MySQL\MySQL Server 5.1\bin;C:\Program Files\MySQL\MySQL Server 5.1\bin;F:\Program Files\TortoiseSVN\bin;F:\Program Files\nodejs;F:\Program Files\TortoiseGit\bin;F:\Program Files\Java\jdk1.8.0_20\bin;F:\php\www\spider\demo6\node_modules\casperjs\bin;E:\jsLibs\phantomjs-2.1.1-windows\bin;E:\javascript\auto-test\node_modules\casperjs\bin;F:\Python3\Scripts;F:\Python3;C:\Users\Ruyi\AppData\Roaming\npm;F:\Program Files (x86)\SSH Communications Security\SSH Secure Shell;F:\Program Files\Exelis\License\license.dat;1700@zry;%USERPROFILE%\AppData\Local\Microsoft\WindowsApps;F:\Program Files\Git\usr\bin\vendor_perl;F:\Program Files\Git\usr\bin\core_perl
10 verbose lifecycle leaflet-demo@1.0.0~dev: CWD: F:\php\www\leaflet-demo
11 silly lifecycle leaflet-demo@1.0.0~dev: Args: [ '/d /s /c',
11 silly lifecycle   'SET DEBUG=true && webpack-dev-server --history-api-fallback --progress --profile --inline --colors --hot --port 5000' ]
12 silly lifecycle leaflet-demo@1.0.0~dev: Returned: code: 1  signal: null
13 info lifecycle leaflet-demo@1.0.0~dev: Failed to exec dev script
14 verbose stack Error: leaflet-demo@1.0.0 dev: `SET DEBUG=true && webpack-dev-server --history-api-fallback --progress --profile --inline --colors --hot --port 5000`
14 verbose stack Exit status 1
14 verbose stack     at EventEmitter.<anonymous> (F:\Program Files\nodejs\node_modules\npm\lib\utils\lifecycle.js:232:16)
14 verbose stack     at emitTwo (events.js:87:13)
14 verbose stack     at EventEmitter.emit (events.js:172:7)
14 verbose stack     at ChildProcess.<anonymous> (F:\Program Files\nodejs\node_modules\npm\lib\utils\spawn.js:24:14)
14 verbose stack     at emitTwo (events.js:87:13)
14 verbose stack     at ChildProcess.emit (events.js:172:7)
14 verbose stack     at maybeClose (internal/child_process.js:818:16)
14 verbose stack     at Process.ChildProcess._handle.onexit (internal/child_process.js:211:5)
15 verbose pkgid leaflet-demo@1.0.0
16 verbose cwd F:\php\www\leaflet-demo
17 error Windows_NT 10.0.14393
18 error argv "F:\\Program Files\\nodejs\\node.exe" "F:\\Program Files\\nodejs\\node_modules\\npm\\bin\\npm-cli.js" "run" "dev"
19 error node v5.1.0
20 error npm  v3.3.12
21 error code ELIFECYCLE
22 error leaflet-demo@1.0.0 dev: `SET DEBUG=true && webpack-dev-server --history-api-fallback --progress --profile --inline --colors --hot --port 5000`
22 error Exit status 1
23 error Failed at the leaflet-demo@1.0.0 dev script 'SET DEBUG=true && webpack-dev-server --history-api-fallback --progress --profile --inline --colors --hot --port 5000'.
23 error Make sure you have the latest version of node.js and npm installed.
23 error If you do, this is most likely a problem with the leaflet-demo package,
23 error not with npm itself.
23 error Tell the author that this fails on your system:
23 error     SET DEBUG=true && webpack-dev-server --history-api-fallback --progress --profile --inline --colors --hot --port 5000
23 error You can get their info via:
23 error     npm owner ls leaflet-demo
23 error There is likely additional logging output above.
24 verbose exit [ 1, true ]
